<?xml version="1.0" encoding="UTF-8"?>
<!-- Generated by org.testng.reporters.JUnitXMLReporter -->
<testsuite hostname="ANISHA" ignored="1" name="com-tutorialsninja-maven-page-factory-anisha" tests="1" failures="0" timestamp="2022-12-13T17:36:11 GMT" time="6.952" errors="0">
  <testcase name="verifyProductArrangeInAlphabeticalOrder" time="1.591" classname="com.tutorialsninja.testsuite.DeskTopPageTest"/>
  <testcase name="verifyProductAddedToShoppingCartSuccessFully" time="0.0" classname="com.tutorialsninja.testsuite.DeskTopPageTest">
    <ignored/>
  </testcase> <!-- verifyProductAddedToShoppingCartSuccessFully -->
</testsuite> <!-- com-tutorialsninja-maven-page-factory-anisha -->
