<?xml version="1.0" encoding="UTF-8"?>
<testsuite name="Homepage Test"
           tests="3"
           failures="0"
           errors="0"
           skipped="0"
           time="2.277">
  <properties />
  
  
            <testcase name="verifyUserShouldNavigateToLaptopsAndNotebooksPageSuccessfully" time="0.731" classname="com.tutorialsninja.testsuite.HomePageTest" />
                <testcase name="verifyUserShouldNavigateToDesktopsPageSuccessfully" time="0.931" classname="com.tutorialsninja.testsuite.HomePageTest" />
                <testcase name="verifyUserShouldNavigateToComponentsPageSuccessfully" time="0.615" classname="com.tutorialsninja.testsuite.HomePageTest" />
      
</testsuite>
