<?xml version="1.0" encoding="UTF-8"?>
<!-- Generated by org.testng.reporters.JUnitXMLReporter -->
<testsuite hostname="ANISHA" ignored="8" name="Smoke Test" tests="0" failures="0" timestamp="2022-12-13T22:20:25 GMT" time="0.27" errors="0">
  <testcase name="verifyThatUserRegisterAccountSuccessfully" time="0.0" classname="com.tutorialsninja.testsuite.RegisterTest">
    <ignored/>
  </testcase> <!-- verifyThatUserRegisterAccountSuccessfully -->
  <testcase name="verifyUserShouldNavigateToDesktopsPageSuccessfully" time="0.0" classname="com.tutorialsninja.testsuite.HomePageTest">
    <ignored/>
  </testcase> <!-- verifyUserShouldNavigateToDesktopsPageSuccessfully -->
  <testcase name="verifyProductAddedToShoppingCartSuccessFully" time="0.0" classname="com.tutorialsninja.testsuite.DeskTopPageTest">
    <ignored/>
  </testcase> <!-- verifyProductAddedToShoppingCartSuccessFully -->
  <testcase name="verifyProductArrangeInAlphabeticalOrder" time="0.0" classname="com.tutorialsninja.testsuite.DeskTopPageTest">
    <ignored/>
  </testcase> <!-- verifyProductArrangeInAlphabeticalOrder -->
  <testcase name="verifyProductsPriceDisplayHighToLowSuccessfully" time="0.0" classname="com.tutorialsninja.testsuite.LaptopAndNotebooksTest">
    <ignored/>
  </testcase> <!-- verifyProductsPriceDisplayHighToLowSuccessfully -->
  <testcase name="verifyThatUserShouldLoginAndLogoutSuccessfully" time="0.0" classname="com.tutorialsninja.testsuite.RegisterTest">
    <ignored/>
  </testcase> <!-- verifyThatUserShouldLoginAndLogoutSuccessfully -->
  <testcase name="verifyUserShouldNavigateToComponentsPageSuccessfully" time="0.0" classname="com.tutorialsninja.testsuite.HomePageTest">
    <ignored/>
  </testcase> <!-- verifyUserShouldNavigateToComponentsPageSuccessfully -->
  <testcase name="verifyUserShouldNavigateToRegisterPageSuccessfully" time="0.0" classname="com.tutorialsninja.testsuite.RegisterTest">
    <ignored/>
  </testcase> <!-- verifyUserShouldNavigateToRegisterPageSuccessfully -->
</testsuite> <!-- Smoke Test -->
